0 info it worked if it ends with ok
1 verbose cli [ '/Users/michaelperez/.nvm/v0.11.15/bin/node',
1 verbose cli   '/Users/michaelperez/.nvm/v0.11.15/bin/npm',
1 verbose cli   'start' ]
2 info using npm@2.1.6
3 info using node@v0.11.15
4 verbose config Skipping project config: /Users/michaelperez/.npmrc. (matches userconfig)
5 verbose stack Error: ENOENT, open '/Users/michaelperez/package.json'
5 verbose stack     at Error (native)
6 verbose cwd /Users/michaelperez/Documents/Github/slider
7 error Darwin 14.1.0
8 error argv "/Users/michaelperez/.nvm/v0.11.15/bin/node" "/Users/michaelperez/.nvm/v0.11.15/bin/npm" "start"
9 error node v0.11.15
10 error npm  v2.1.6
11 error path /Users/michaelperez/package.json
12 error code ENOENT
13 error errno -2
14 error ENOENT, open '/Users/michaelperez/package.json'
15 error If you need help, you may report this error at:
15 error     <http://github.com/npm/npm/issues>
16 verbose exit [ -2, true ]
